<?xml version="1.0" encoding="UTF-8"?>
<testsuite xmlns:xsi="http://www.w3.org/2001/XMLSchema-instance" xsi:noNamespaceSchemaLocation="https://maven.apache.org/surefire/maven-surefire-plugin/xsd/surefire-test-report.xsd" name="test.controller.EnderecoControllerTest" time="0.003" tests="24" errors="24" skipped="0" failures="0">
  <properties>
[...]
</properties>
  <testcase name="naoDeveCriarEnderecoPoisOCampoLogradouroNaoFoiFornecido" classname="test.controller.EnderecoControllerTest" time="0">
    <error type="java.lang.NullPointerException">java.lang.NullPointerException
	at test.controller.EnderecoControllerTest.setup(EnderecoControllerTest.java:65)
</error>
  </testcase>
  <testcase name="naoDeveEditarEnderecoPoisNaoFoiEncontrado" classname="test.controller.EnderecoControllerTest" time="0">
    <error type="java.lang.NullPointerException">java.lang.NullPointerException
	at test.controller.EnderecoControllerTest.setup(EnderecoControllerTest.java:65)
</error>
  </testcase>
  <testcase name="deveEditarEndereco" classname="test.controller.EnderecoControllerTest" time="0">
    <error type="java.lang.NullPointerException">java.lang.NullPointerException
	at test.controller.EnderecoControllerTest.setup(EnderecoControllerTest.java:65)
</error>
  </testcase>
  <testcase name="naoDeveCriarEnderecoPoisOCampoPaisNaoFoiFornecido" classname="test.controller.EnderecoControllerTest" time="0">
    <error type="java.lang.NullPointerException">java.lang.NullPointerException
	at test.controller.EnderecoControllerTest.setup(EnderecoControllerTest.java:65)
</error>
  </testcase>
  <testcase name="naoDeveEditarEnderecoPoisAsInformacoesNaoForamPreenchidos" classname="test.controller.EnderecoControllerTest" time="0">
    <error type="java.lang.NullPointerException">java.lang.NullPointerException
	at test.controller.EnderecoControllerTest.setup(EnderecoControllerTest.java:65)
</error>
  </testcase>
  <testcase name="naoDeveCriarEnderecoPoisOCampoCEPFoiFornecidoComValorAcimaDoMaximo" classname="test.controller.EnderecoControllerTest" time="0">
    <error type="java.lang.NullPointerException">java.lang.NullPointerException
	at test.controller.EnderecoControllerTest.setup(EnderecoControllerTest.java:65)
</error>
  </testcase>
  <testcase name="naoDeveEditarPoisOCampoNumeroFoiFornecidoComValorAcimaDoMaximo" classname="test.controller.EnderecoControllerTest" time="0">
    <error type="java.lang.NullPointerException">java.lang.NullPointerException
	at test.controller.EnderecoControllerTest.setup(EnderecoControllerTest.java:65)
</error>
  </testcase>
  <testcase name="naoDeveCriarEnderecoPoisOCampoCEPFoiFornecidoComValorAbaixoDoMinimo" classname="test.controller.EnderecoControllerTest" time="0.001">
    <error type="java.lang.NullPointerException">java.lang.NullPointerException
	at test.controller.EnderecoControllerTest.setup(EnderecoControllerTest.java:65)
</error>
  </testcase>
  <testcase name="naoDeveEditarPoisOCampoNumeroFoiFornecidoComValorAbaixoDoMinimo" classname="test.controller.EnderecoControllerTest" time="0">
    <error type="java.lang.NullPointerException">java.lang.NullPointerException
	at test.controller.EnderecoControllerTest.setup(EnderecoControllerTest.java:65)
</error>
  </testcase>
  <testcase name="naoDeveCriarEnderecoPoisOCampoNumeroFoiFornecidoComValorCimaDoMaximo" classname="test.controller.EnderecoControllerTest" time="0">
    <error type="java.lang.NullPointerException">java.lang.NullPointerException
	at test.controller.EnderecoControllerTest.setup(EnderecoControllerTest.java:65)
</error>
  </testcase>
  <testcase name="naoDeveCriarEnderecoPoisOCampoEstadoNaoFoiFornecido" classname="test.controller.EnderecoControllerTest" time="0">
    <error type="java.lang.NullPointerException">java.lang.NullPointerException
	at test.controller.EnderecoControllerTest.setup(EnderecoControllerTest.java:65)
</error>
  </testcase>
  <testcase name="naoDeveBuscarPorCEPPoisEnderecoNaoFoiEncontrado" classname="test.controller.EnderecoControllerTest" time="0">
    <error type="java.lang.NullPointerException">java.lang.NullPointerException
	at test.controller.EnderecoControllerTest.setup(EnderecoControllerTest.java:65)
</error>
  </testcase>
  <testcase name="deveListarTodosEnderecos" classname="test.controller.EnderecoControllerTest" time="0">
    <error type="java.lang.NullPointerException">java.lang.NullPointerException
	at test.controller.EnderecoControllerTest.setup(EnderecoControllerTest.java:65)
</error>
  </testcase>
  <testcase name="naoDeveCriarEnderecoPoisOCampoNumeroNaoFoiFornecido" classname="test.controller.EnderecoControllerTest" time="0">
    <error type="java.lang.NullPointerException">java.lang.NullPointerException
	at test.controller.EnderecoControllerTest.setup(EnderecoControllerTest.java:65)
</error>
  </testcase>
  <testcase name="deveCriarEndereco" classname="test.controller.EnderecoControllerTest" time="0">
    <error type="java.lang.NullPointerException">java.lang.NullPointerException
	at test.controller.EnderecoControllerTest.setup(EnderecoControllerTest.java:65)
</error>
  </testcase>
  <testcase name="naoDeveCriarEnderecoPoisOCampoCidadeNaoFoiFornecido" classname="test.controller.EnderecoControllerTest" time="0">
    <error type="java.lang.NullPointerException">java.lang.NullPointerException
	at test.controller.EnderecoControllerTest.setup(EnderecoControllerTest.java:65)
</error>
  </testcase>
  <testcase name="naoDeveCriarEnderecoPoisOCampoBairroNaoFoiFornecido" classname="test.controller.EnderecoControllerTest" time="0">
    <error type="java.lang.NullPointerException">java.lang.NullPointerException
	at test.controller.EnderecoControllerTest.setup(EnderecoControllerTest.java:65)
</error>
  </testcase>
  <testcase name="deveRetornarInternalServerError" classname="test.controller.EnderecoControllerTest" time="0">
    <error type="java.lang.NullPointerException">java.lang.NullPointerException
	at test.controller.EnderecoControllerTest.setup(EnderecoControllerTest.java:65)
</error>
  </testcase>
  <testcase name="naoDeveCriarEnderecoPoisJaExiste" classname="test.controller.EnderecoControllerTest" time="0">
    <error type="java.lang.NullPointerException">java.lang.NullPointerException
	at test.controller.EnderecoControllerTest.setup(EnderecoControllerTest.java:65)
</error>
  </testcase>
  <testcase name="deveDeletarEndereco" classname="test.controller.EnderecoControllerTest" time="0">
    <error type="java.lang.NullPointerException">java.lang.NullPointerException
	at test.controller.EnderecoControllerTest.setup(EnderecoControllerTest.java:65)
</error>
  </testcase>
  <testcase name="naoDeveCriarEnderecoPoisOCampoCEPNaoFoiFornecido" classname="test.controller.EnderecoControllerTest" time="0">
    <error type="java.lang.NullPointerException">java.lang.NullPointerException
	at test.controller.EnderecoControllerTest.setup(EnderecoControllerTest.java:65)
</error>
  </testcase>
  <testcase name="naoDeveDeletarEnderecoPoisEnderecoNaoFoiEncontrado" classname="test.controller.EnderecoControllerTest" time="0">
    <error type="java.lang.NullPointerException">java.lang.NullPointerException
	at test.controller.EnderecoControllerTest.setup(EnderecoControllerTest.java:65)
</error>
  </testcase>
  <testcase name="deveBuscarPorCEP" classname="test.controller.EnderecoControllerTest" time="0">
    <error type="java.lang.NullPointerException">java.lang.NullPointerException
	at test.controller.EnderecoControllerTest.setup(EnderecoControllerTest.java:65)
</error>
  </testcase>
  <testcase name="naoDeveCriarEnderecoPoisOCampoNumeroFoiFornecidoComValorAbaixoDoMinimo" classname="test.controller.EnderecoControllerTest" time="0">
    <error type="java.lang.NullPointerException">java.lang.NullPointerException
	at test.controller.EnderecoControllerTest.setup(EnderecoControllerTest.java:65)
</error>
  </testcase>
</testsuite>